CRITICAL - 2025-03-05 04:32:14 --> Error: Class "Datapipeline" not found
[Method: GET, Route: home]
in APPPATH\Config\Routes.php on line 19.
 1 SYSTEMPATH\Router\RouteCollection.php(339): require()
 2 SYSTEMPATH\CodeIgniter.php(821): CodeIgniter\Router\RouteCollection->loadRoutes()
 3 SYSTEMPATH\CodeIgniter.php(455): CodeIgniter\CodeIgniter->tryToRouteIt()
 4 SYSTEMPATH\CodeIgniter.php(354): CodeIgniter\CodeIgniter->handleRequest()
 5 SYSTEMPATH\Boot.php(334): CodeIgniter\CodeIgniter->run()
 6 SYSTEMPATH\Boot.php(67): CodeIgniter\Boot::runCodeIgniter()
 7 FCPATH\index.php(56): CodeIgniter\Boot::bootWeb()
 8 SYSTEMPATH\rewrite.php(44): require_once('D:\\xampp\\htdocs\\salesrun\\public\\index.php')
CRITICAL - 2025-03-05 04:33:43 --> Error: Class "Datapipeline" not found
[Method: GET, Route: home]
in APPPATH\Config\Routes.php on line 19.
 1 SYSTEMPATH\Router\RouteCollection.php(339): require()
 2 SYSTEMPATH\CodeIgniter.php(821): CodeIgniter\Router\RouteCollection->loadRoutes()
 3 SYSTEMPATH\CodeIgniter.php(455): CodeIgniter\CodeIgniter->tryToRouteIt()
 4 SYSTEMPATH\CodeIgniter.php(354): CodeIgniter\CodeIgniter->handleRequest()
 5 SYSTEMPATH\Boot.php(334): CodeIgniter\CodeIgniter->run()
 6 SYSTEMPATH\Boot.php(67): CodeIgniter\Boot::runCodeIgniter()
 7 FCPATH\index.php(56): CodeIgniter\Boot::bootWeb()
 8 SYSTEMPATH\rewrite.php(44): require_once('D:\\xampp\\htdocs\\salesrun\\public\\index.php')
CRITICAL - 2025-03-05 04:33:47 --> Error: Class "Datapipeline" not found
[Method: GET, Route: /]
in APPPATH\Config\Routes.php on line 19.
 1 SYSTEMPATH\Router\RouteCollection.php(339): require()
 2 SYSTEMPATH\CodeIgniter.php(821): CodeIgniter\Router\RouteCollection->loadRoutes()
 3 SYSTEMPATH\CodeIgniter.php(455): CodeIgniter\CodeIgniter->tryToRouteIt()
 4 SYSTEMPATH\CodeIgniter.php(354): CodeIgniter\CodeIgniter->handleRequest()
 5 SYSTEMPATH\Boot.php(334): CodeIgniter\CodeIgniter->run()
 6 SYSTEMPATH\Boot.php(67): CodeIgniter\Boot::runCodeIgniter()
 7 FCPATH\index.php(56): CodeIgniter\Boot::bootWeb()
 8 SYSTEMPATH\rewrite.php(44): require_once('D:\\xampp\\htdocs\\salesrun\\public\\index.php')
CRITICAL - 2025-03-05 04:35:50 --> Error: Class "Datapipeline" not found
[Method: GET, Route: /]
in APPPATH\Config\Routes.php on line 20.
 1 SYSTEMPATH\Router\RouteCollection.php(339): require()
 2 SYSTEMPATH\CodeIgniter.php(821): CodeIgniter\Router\RouteCollection->loadRoutes()
 3 SYSTEMPATH\CodeIgniter.php(455): CodeIgniter\CodeIgniter->tryToRouteIt()
 4 SYSTEMPATH\CodeIgniter.php(354): CodeIgniter\CodeIgniter->handleRequest()
 5 SYSTEMPATH\Boot.php(334): CodeIgniter\CodeIgniter->run()
 6 SYSTEMPATH\Boot.php(67): CodeIgniter\Boot::runCodeIgniter()
 7 FCPATH\index.php(56): CodeIgniter\Boot::bootWeb()
 8 SYSTEMPATH\rewrite.php(44): require_once('D:\\xampp\\htdocs\\salesrun\\public\\index.php')
CRITICAL - 2025-03-05 04:36:28 --> Error: Class "Datapipeline" not found
[Method: CLI, Route: routes]
in APPPATH\Config\Routes.php on line 20.
 1 SYSTEMPATH\Router\RouteCollection.php(339): require()
 2 SYSTEMPATH\CLI\Console.php(41): CodeIgniter\Router\RouteCollection->loadRoutes()
 3 SYSTEMPATH\Boot.php(360): CodeIgniter\CLI\Console->run()
 4 SYSTEMPATH\Boot.php(104): CodeIgniter\Boot::runCommand()
 5 ROOTPATH\spark(84): CodeIgniter\Boot::bootSpark()
CRITICAL - 2025-03-05 04:59:18 --> CodeIgniter\View\Exceptions\ViewException: Invalid file: "home/index.php"
[Method: GET, Route: home]
in SYSTEMPATH\Exceptions\FrameworkException.php on line 39.
 1 SYSTEMPATH\View\View.php(212): CodeIgniter\Exceptions\FrameworkException::forInvalidFile()
 2 SYSTEMPATH\Common.php(1173): CodeIgniter\View\View->render()
 3 APPPATH\Controllers\Home.php(10): view()
 4 SYSTEMPATH\CodeIgniter.php(933): App\Controllers\Home->index()
 5 SYSTEMPATH\CodeIgniter.php(507): CodeIgniter\CodeIgniter->runController()
 6 SYSTEMPATH\CodeIgniter.php(354): CodeIgniter\CodeIgniter->handleRequest()
 7 SYSTEMPATH\Boot.php(334): CodeIgniter\CodeIgniter->run()
 8 SYSTEMPATH\Boot.php(67): CodeIgniter\Boot::runCodeIgniter()
 9 FCPATH\index.php(56): CodeIgniter\Boot::bootWeb()
10 SYSTEMPATH\rewrite.php(44): require_once('D:\\xampp\\htdocs\\salesrun\\public\\index.php')
CRITICAL - 2025-03-05 04:59:30 --> CodeIgniter\View\Exceptions\ViewException: Invalid file: "home/index.php"
[Method: GET, Route: home]
in SYSTEMPATH\Exceptions\FrameworkException.php on line 39.
 1 SYSTEMPATH\View\View.php(212): CodeIgniter\Exceptions\FrameworkException::forInvalidFile()
 2 SYSTEMPATH\Common.php(1173): CodeIgniter\View\View->render()
 3 APPPATH\Controllers\Home.php(10): view()
 4 SYSTEMPATH\CodeIgniter.php(933): App\Controllers\Home->index()
 5 SYSTEMPATH\CodeIgniter.php(507): CodeIgniter\CodeIgniter->runController()
 6 SYSTEMPATH\CodeIgniter.php(354): CodeIgniter\CodeIgniter->handleRequest()
 7 SYSTEMPATH\Boot.php(334): CodeIgniter\CodeIgniter->run()
 8 SYSTEMPATH\Boot.php(67): CodeIgniter\Boot::runCodeIgniter()
 9 FCPATH\index.php(56): CodeIgniter\Boot::bootWeb()
10 SYSTEMPATH\rewrite.php(44): require_once('D:\\xampp\\htdocs\\salesrun\\public\\index.php')
CRITICAL - 2025-03-05 04:59:39 --> CodeIgniter\View\Exceptions\ViewException: Invalid file: "home/index.php"
[Method: GET, Route: home]
in SYSTEMPATH\Exceptions\FrameworkException.php on line 39.
 1 SYSTEMPATH\View\View.php(212): CodeIgniter\Exceptions\FrameworkException::forInvalidFile()
 2 SYSTEMPATH\Common.php(1173): CodeIgniter\View\View->render()
 3 APPPATH\Controllers\Home.php(10): view()
 4 SYSTEMPATH\CodeIgniter.php(933): App\Controllers\Home->index()
 5 SYSTEMPATH\CodeIgniter.php(507): CodeIgniter\CodeIgniter->runController()
 6 SYSTEMPATH\CodeIgniter.php(354): CodeIgniter\CodeIgniter->handleRequest()
 7 SYSTEMPATH\Boot.php(334): CodeIgniter\CodeIgniter->run()
 8 SYSTEMPATH\Boot.php(67): CodeIgniter\Boot::runCodeIgniter()
 9 FCPATH\index.php(56): CodeIgniter\Boot::bootWeb()
10 SYSTEMPATH\rewrite.php(44): require_once('D:\\xampp\\htdocs\\salesrun\\public\\index.php')
CRITICAL - 2025-03-05 04:59:48 --> CodeIgniter\View\Exceptions\ViewException: Invalid file: "home/index.php"
[Method: GET, Route: home]
in SYSTEMPATH\Exceptions\FrameworkException.php on line 39.
 1 SYSTEMPATH\View\View.php(212): CodeIgniter\Exceptions\FrameworkException::forInvalidFile()
 2 SYSTEMPATH\Common.php(1173): CodeIgniter\View\View->render()
 3 APPPATH\Controllers\Home.php(10): view()
 4 SYSTEMPATH\CodeIgniter.php(933): App\Controllers\Home->index()
 5 SYSTEMPATH\CodeIgniter.php(507): CodeIgniter\CodeIgniter->runController()
 6 SYSTEMPATH\CodeIgniter.php(354): CodeIgniter\CodeIgniter->handleRequest()
 7 SYSTEMPATH\Boot.php(334): CodeIgniter\CodeIgniter->run()
 8 SYSTEMPATH\Boot.php(67): CodeIgniter\Boot::runCodeIgniter()
 9 FCPATH\index.php(56): CodeIgniter\Boot::bootWeb()
10 SYSTEMPATH\rewrite.php(44): require_once('D:\\xampp\\htdocs\\salesrun\\public\\index.php')
CRITICAL - 2025-03-05 05:02:55 --> CodeIgniter\View\Exceptions\ViewException: Invalid file: "home/index.php"
[Method: GET, Route: home]
in SYSTEMPATH\Exceptions\FrameworkException.php on line 39.
 1 SYSTEMPATH\View\View.php(212): CodeIgniter\Exceptions\FrameworkException::forInvalidFile()
 2 SYSTEMPATH\Common.php(1173): CodeIgniter\View\View->render()
 3 APPPATH\Controllers\Home.php(10): view()
 4 SYSTEMPATH\CodeIgniter.php(933): App\Controllers\Home->index()
 5 SYSTEMPATH\CodeIgniter.php(507): CodeIgniter\CodeIgniter->runController()
 6 SYSTEMPATH\CodeIgniter.php(354): CodeIgniter\CodeIgniter->handleRequest()
 7 SYSTEMPATH\Boot.php(334): CodeIgniter\CodeIgniter->run()
 8 SYSTEMPATH\Boot.php(67): CodeIgniter\Boot::runCodeIgniter()
 9 FCPATH\index.php(56): CodeIgniter\Boot::bootWeb()
10 SYSTEMPATH\rewrite.php(44): require_once('D:\\xampp\\htdocs\\salesrun\\public\\index.php')
CRITICAL - 2025-03-05 05:26:51 --> Error: Call to undefined function is_active()
[Method: GET, Route: home]
in APPPATH\Views\layouts\navbar.php on line 9.
 1 SYSTEMPATH\View\View.php(224): include()
 2 SYSTEMPATH\View\View.php(227): CodeIgniter\View\View->{closure:CodeIgniter\View\View::render():221}()
 3 SYSTEMPATH\View\View.php(475): CodeIgniter\View\View->render()
 4 APPPATH\Views\layouts\main.php(15): CodeIgniter\View\View->include()
 5 SYSTEMPATH\View\View.php(224): include('D:\\xampp\\htdocs\\salesrun\\app\\Views\\layouts\\main.php')
 6 SYSTEMPATH\View\View.php(227): CodeIgniter\View\View->{closure:CodeIgniter\View\View::render():221}()
 7 SYSTEMPATH\View\View.php(240): CodeIgniter\View\View->render()
 8 SYSTEMPATH\Common.php(1173): CodeIgniter\View\View->render()
 9 APPPATH\Controllers\Home.php(15): view()
10 SYSTEMPATH\CodeIgniter.php(933): App\Controllers\Home->index()
11 SYSTEMPATH\CodeIgniter.php(507): CodeIgniter\CodeIgniter->runController()
12 SYSTEMPATH\CodeIgniter.php(354): CodeIgniter\CodeIgniter->handleRequest()
13 SYSTEMPATH\Boot.php(334): CodeIgniter\CodeIgniter->run()
14 SYSTEMPATH\Boot.php(67): CodeIgniter\Boot::runCodeIgniter()
15 FCPATH\index.php(56): CodeIgniter\Boot::bootWeb()
16 SYSTEMPATH\rewrite.php(44): require_once('D:\\xampp\\htdocs\\salesrun\\public\\index.php')
CRITICAL - 2025-03-05 05:29:58 --> Error: Call to undefined function is_active()
[Method: GET, Route: home]
in APPPATH\Views\layouts\navbar.php on line 9.
 1 SYSTEMPATH\View\View.php(224): include()
 2 SYSTEMPATH\View\View.php(227): CodeIgniter\View\View->{closure:CodeIgniter\View\View::render():221}()
 3 SYSTEMPATH\View\View.php(475): CodeIgniter\View\View->render()
 4 APPPATH\Views\layouts\main.php(15): CodeIgniter\View\View->include()
 5 SYSTEMPATH\View\View.php(224): include('D:\\xampp\\htdocs\\salesrun\\app\\Views\\layouts\\main.php')
 6 SYSTEMPATH\View\View.php(227): CodeIgniter\View\View->{closure:CodeIgniter\View\View::render():221}()
 7 SYSTEMPATH\View\View.php(240): CodeIgniter\View\View->render()
 8 SYSTEMPATH\Common.php(1173): CodeIgniter\View\View->render()
 9 APPPATH\Controllers\Home.php(15): view()
10 SYSTEMPATH\CodeIgniter.php(933): App\Controllers\Home->index()
11 SYSTEMPATH\CodeIgniter.php(507): CodeIgniter\CodeIgniter->runController()
12 SYSTEMPATH\CodeIgniter.php(354): CodeIgniter\CodeIgniter->handleRequest()
13 SYSTEMPATH\Boot.php(334): CodeIgniter\CodeIgniter->run()
14 SYSTEMPATH\Boot.php(67): CodeIgniter\Boot::runCodeIgniter()
15 FCPATH\index.php(56): CodeIgniter\Boot::bootWeb()
16 SYSTEMPATH\rewrite.php(44): require_once('D:\\xampp\\htdocs\\salesrun\\public\\index.php')
CRITICAL - 2025-03-05 05:31:12 --> Error: Call to undefined function is_active()
[Method: GET, Route: home]
in APPPATH\Views\layouts\navbar.php on line 9.
 1 SYSTEMPATH\View\View.php(224): include()
 2 SYSTEMPATH\View\View.php(227): CodeIgniter\View\View->{closure:CodeIgniter\View\View::render():221}()
 3 SYSTEMPATH\View\View.php(475): CodeIgniter\View\View->render()
 4 APPPATH\Views\layouts\main.php(15): CodeIgniter\View\View->include()
 5 SYSTEMPATH\View\View.php(224): include('D:\\xampp\\htdocs\\salesrun\\app\\Views\\layouts\\main.php')
 6 SYSTEMPATH\View\View.php(227): CodeIgniter\View\View->{closure:CodeIgniter\View\View::render():221}()
 7 SYSTEMPATH\View\View.php(240): CodeIgniter\View\View->render()
 8 SYSTEMPATH\Common.php(1173): CodeIgniter\View\View->render()
 9 APPPATH\Controllers\Home.php(15): view()
10 SYSTEMPATH\CodeIgniter.php(933): App\Controllers\Home->index()
11 SYSTEMPATH\CodeIgniter.php(507): CodeIgniter\CodeIgniter->runController()
12 SYSTEMPATH\CodeIgniter.php(354): CodeIgniter\CodeIgniter->handleRequest()
13 SYSTEMPATH\Boot.php(334): CodeIgniter\CodeIgniter->run()
14 SYSTEMPATH\Boot.php(67): CodeIgniter\Boot::runCodeIgniter()
15 FCPATH\index.php(56): CodeIgniter\Boot::bootWeb()
16 SYSTEMPATH\rewrite.php(44): require_once('D:\\xampp\\htdocs\\salesrun\\public\\index.php')
CRITICAL - 2025-03-05 05:31:14 --> Error: Call to undefined function is_active()
[Method: GET, Route: home]
in APPPATH\Views\layouts\navbar.php on line 9.
 1 SYSTEMPATH\View\View.php(224): include()
 2 SYSTEMPATH\View\View.php(227): CodeIgniter\View\View->{closure:CodeIgniter\View\View::render():221}()
 3 SYSTEMPATH\View\View.php(475): CodeIgniter\View\View->render()
 4 APPPATH\Views\layouts\main.php(15): CodeIgniter\View\View->include()
 5 SYSTEMPATH\View\View.php(224): include('D:\\xampp\\htdocs\\salesrun\\app\\Views\\layouts\\main.php')
 6 SYSTEMPATH\View\View.php(227): CodeIgniter\View\View->{closure:CodeIgniter\View\View::render():221}()
 7 SYSTEMPATH\View\View.php(240): CodeIgniter\View\View->render()
 8 SYSTEMPATH\Common.php(1173): CodeIgniter\View\View->render()
 9 APPPATH\Controllers\Home.php(15): view()
10 SYSTEMPATH\CodeIgniter.php(933): App\Controllers\Home->index()
11 SYSTEMPATH\CodeIgniter.php(507): CodeIgniter\CodeIgniter->runController()
12 SYSTEMPATH\CodeIgniter.php(354): CodeIgniter\CodeIgniter->handleRequest()
13 SYSTEMPATH\Boot.php(334): CodeIgniter\CodeIgniter->run()
14 SYSTEMPATH\Boot.php(67): CodeIgniter\Boot::runCodeIgniter()
15 FCPATH\index.php(56): CodeIgniter\Boot::bootWeb()
16 SYSTEMPATH\rewrite.php(44): require_once('D:\\xampp\\htdocs\\salesrun\\public\\index.php')
CRITICAL - 2025-03-05 05:32:48 --> ArgumentCountError: Too few arguments to function helper(), 0 passed in D:\xampp\htdocs\salesrun\app\Controllers\Home.php on line 10 and exactly 1 expected
[Method: GET, Route: home]
in SYSTEMPATH\Common.php on line 569.
 1 APPPATH\Controllers\Home.php(10): helper()
 2 SYSTEMPATH\CodeIgniter.php(933): App\Controllers\Home->index()
 3 SYSTEMPATH\CodeIgniter.php(507): CodeIgniter\CodeIgniter->runController()
 4 SYSTEMPATH\CodeIgniter.php(354): CodeIgniter\CodeIgniter->handleRequest()
 5 SYSTEMPATH\Boot.php(334): CodeIgniter\CodeIgniter->run()
 6 SYSTEMPATH\Boot.php(67): CodeIgniter\Boot::runCodeIgniter()
 7 FCPATH\index.php(56): CodeIgniter\Boot::bootWeb()
 8 SYSTEMPATH\rewrite.php(44): require_once('D:\\xampp\\htdocs\\salesrun\\public\\index.php')
CRITICAL - 2025-03-05 05:37:28 --> Error: Call to undefined function is_active()
[Method: GET, Route: home]
in APPPATH\Views\layouts\navbar.php on line 9.
 1 SYSTEMPATH\View\View.php(224): include()
 2 SYSTEMPATH\View\View.php(227): CodeIgniter\View\View->{closure:CodeIgniter\View\View::render():221}()
 3 SYSTEMPATH\View\View.php(475): CodeIgniter\View\View->render()
 4 APPPATH\Views\layouts\main.php(15): CodeIgniter\View\View->include()
 5 SYSTEMPATH\View\View.php(224): include('D:\\xampp\\htdocs\\salesrun\\app\\Views\\layouts\\main.php')
 6 SYSTEMPATH\View\View.php(227): CodeIgniter\View\View->{closure:CodeIgniter\View\View::render():221}()
 7 SYSTEMPATH\View\View.php(240): CodeIgniter\View\View->render()
 8 SYSTEMPATH\Common.php(1173): CodeIgniter\View\View->render()
 9 APPPATH\Controllers\Home.php(16): view()
10 SYSTEMPATH\CodeIgniter.php(933): App\Controllers\Home->index()
11 SYSTEMPATH\CodeIgniter.php(507): CodeIgniter\CodeIgniter->runController()
12 SYSTEMPATH\CodeIgniter.php(354): CodeIgniter\CodeIgniter->handleRequest()
13 SYSTEMPATH\Boot.php(334): CodeIgniter\CodeIgniter->run()
14 SYSTEMPATH\Boot.php(67): CodeIgniter\Boot::runCodeIgniter()
15 FCPATH\index.php(56): CodeIgniter\Boot::bootWeb()
16 SYSTEMPATH\rewrite.php(44): require_once('D:\\xampp\\htdocs\\salesrun\\public\\index.php')
CRITICAL - 2025-03-05 05:39:51 --> Error: Call to undefined function is_active()
[Method: GET, Route: home]
in APPPATH\Views\layouts\navbar.php on line 9.
 1 SYSTEMPATH\View\View.php(224): include()
 2 SYSTEMPATH\View\View.php(227): CodeIgniter\View\View->{closure:CodeIgniter\View\View::render():221}()
 3 SYSTEMPATH\View\View.php(475): CodeIgniter\View\View->render()
 4 APPPATH\Views\layouts\main.php(15): CodeIgniter\View\View->include()
 5 SYSTEMPATH\View\View.php(224): include('D:\\xampp\\htdocs\\salesrun\\app\\Views\\layouts\\main.php')
 6 SYSTEMPATH\View\View.php(227): CodeIgniter\View\View->{closure:CodeIgniter\View\View::render():221}()
 7 SYSTEMPATH\View\View.php(240): CodeIgniter\View\View->render()
 8 SYSTEMPATH\Common.php(1173): CodeIgniter\View\View->render()
 9 APPPATH\Controllers\Home.php(16): view()
10 SYSTEMPATH\CodeIgniter.php(933): App\Controllers\Home->index()
11 SYSTEMPATH\CodeIgniter.php(507): CodeIgniter\CodeIgniter->runController()
12 SYSTEMPATH\CodeIgniter.php(354): CodeIgniter\CodeIgniter->handleRequest()
13 SYSTEMPATH\Boot.php(334): CodeIgniter\CodeIgniter->run()
14 SYSTEMPATH\Boot.php(67): CodeIgniter\Boot::runCodeIgniter()
15 FCPATH\index.php(56): CodeIgniter\Boot::bootWeb()
16 SYSTEMPATH\rewrite.php(44): require_once('D:\\xampp\\htdocs\\salesrun\\public\\index.php')
CRITICAL - 2025-03-05 05:44:22 --> ErrorException: Undefined variable $uri
[Method: GET, Route: home]
in APPPATH\Controllers\Home.php on line 11.
 1 APPPATH\Controllers\Home.php(11): CodeIgniter\Debug\Exceptions->errorHandler()
 2 SYSTEMPATH\CodeIgniter.php(933): App\Controllers\Home->index()
 3 SYSTEMPATH\CodeIgniter.php(507): CodeIgniter\CodeIgniter->runController()
 4 SYSTEMPATH\CodeIgniter.php(354): CodeIgniter\CodeIgniter->handleRequest()
 5 SYSTEMPATH\Boot.php(334): CodeIgniter\CodeIgniter->run()
 6 SYSTEMPATH\Boot.php(67): CodeIgniter\Boot::runCodeIgniter()
 7 FCPATH\index.php(56): CodeIgniter\Boot::bootWeb()
 8 SYSTEMPATH\rewrite.php(44): require_once('D:\\xampp\\htdocs\\salesrun\\public\\index.php')
CRITICAL - 2025-03-05 06:51:50 --> CodeIgniter\View\Exceptions\ViewException: Invalid file: "components/table.php"
[Method: GET, Route: pipeline]
in SYSTEMPATH\Exceptions\FrameworkException.php on line 39.
 1 SYSTEMPATH\View\View.php(212): CodeIgniter\Exceptions\FrameworkException::forInvalidFile()
 2 SYSTEMPATH\Common.php(1173): CodeIgniter\View\View->render()
 3 APPPATH\Views\pages\pipeline\index.php(6): view()
 4 SYSTEMPATH\View\View.php(224): include('D:\\xampp\\htdocs\\salesrun\\app\\Views\\pages\\pipeline\\index.php')
 5 SYSTEMPATH\View\View.php(227): CodeIgniter\View\View->{closure:CodeIgniter\View\View::render():221}()
 6 SYSTEMPATH\Common.php(1173): CodeIgniter\View\View->render()
 7 APPPATH\Controllers\Pipeline.php(24): view()
 8 SYSTEMPATH\CodeIgniter.php(933): App\Controllers\Pipeline->index()
 9 SYSTEMPATH\CodeIgniter.php(507): CodeIgniter\CodeIgniter->runController()
10 SYSTEMPATH\CodeIgniter.php(354): CodeIgniter\CodeIgniter->handleRequest()
11 SYSTEMPATH\Boot.php(334): CodeIgniter\CodeIgniter->run()
12 SYSTEMPATH\Boot.php(67): CodeIgniter\Boot::runCodeIgniter()
13 FCPATH\index.php(56): CodeIgniter\Boot::bootWeb()
14 SYSTEMPATH\rewrite.php(44): require_once('D:\\xampp\\htdocs\\salesrun\\public\\index.php')
CRITICAL - 2025-03-05 06:53:40 --> TypeError: view(): Argument #2 ($data) must be of type array, string given, called in D:\xampp\htdocs\salesrun\app\Views\pages\pipeline\index.php on line 6
[Method: GET, Route: pipeline]
in SYSTEMPATH\Common.php on line 1161.
 1 APPPATH\Views\pages\pipeline\index.php(6): view()
 2 SYSTEMPATH\View\View.php(224): include('D:\\xampp\\htdocs\\salesrun\\app\\Views\\pages\\pipeline\\index.php')
 3 SYSTEMPATH\View\View.php(227): CodeIgniter\View\View->{closure:CodeIgniter\View\View::render():221}()
 4 SYSTEMPATH\Common.php(1173): CodeIgniter\View\View->render()
 5 APPPATH\Controllers\Pipeline.php(24): view()
 6 SYSTEMPATH\CodeIgniter.php(933): App\Controllers\Pipeline->index()
 7 SYSTEMPATH\CodeIgniter.php(507): CodeIgniter\CodeIgniter->runController()
 8 SYSTEMPATH\CodeIgniter.php(354): CodeIgniter\CodeIgniter->handleRequest()
 9 SYSTEMPATH\Boot.php(334): CodeIgniter\CodeIgniter->run()
10 SYSTEMPATH\Boot.php(67): CodeIgniter\Boot::runCodeIgniter()
11 FCPATH\index.php(56): CodeIgniter\Boot::bootWeb()
12 SYSTEMPATH\rewrite.php(44): require_once('D:\\xampp\\htdocs\\salesrun\\public\\index.php')
CRITICAL - 2025-03-05 06:54:38 --> ErrorException: Undefined variable $title
[Method: GET, Route: pipeline]
in APPPATH\Views\components\Datatable.php on line 3.
 1 APPPATH\Views\components\Datatable.php(3): CodeIgniter\Debug\Exceptions->errorHandler()
 2 SYSTEMPATH\View\View.php(224): include('D:\\xampp\\htdocs\\salesrun\\app\\Views\\components\\Datatable.php')
 3 SYSTEMPATH\View\View.php(227): CodeIgniter\View\View->{closure:CodeIgniter\View\View::render():221}()
 4 SYSTEMPATH\Common.php(1173): CodeIgniter\View\View->render()
 5 APPPATH\Views\pages\pipeline\index.php(6): view()
 6 SYSTEMPATH\View\View.php(224): include('D:\\xampp\\htdocs\\salesrun\\app\\Views\\pages\\pipeline\\index.php')
 7 SYSTEMPATH\View\View.php(227): CodeIgniter\View\View->{closure:CodeIgniter\View\View::render():221}()
 8 SYSTEMPATH\Common.php(1173): CodeIgniter\View\View->render()
 9 APPPATH\Controllers\Pipeline.php(24): view()
10 SYSTEMPATH\CodeIgniter.php(933): App\Controllers\Pipeline->index()
11 SYSTEMPATH\CodeIgniter.php(507): CodeIgniter\CodeIgniter->runController()
12 SYSTEMPATH\CodeIgniter.php(354): CodeIgniter\CodeIgniter->handleRequest()
13 SYSTEMPATH\Boot.php(334): CodeIgniter\CodeIgniter->run()
14 SYSTEMPATH\Boot.php(67): CodeIgniter\Boot::runCodeIgniter()
15 FCPATH\index.php(56): CodeIgniter\Boot::bootWeb()
16 SYSTEMPATH\rewrite.php(44): require_once('D:\\xampp\\htdocs\\salesrun\\public\\index.php')
CRITICAL - 2025-03-05 06:59:46 --> ErrorException: Undefined variable $columns
[Method: GET, Route: pipeline]
in APPPATH\Views\components\datatable.php on line 9.
 1 APPPATH\Views\components\datatable.php(9): CodeIgniter\Debug\Exceptions->errorHandler()
 2 SYSTEMPATH\View\View.php(224): include('D:\\xampp\\htdocs\\salesrun\\app\\Views\\components\\datatable.php')
 3 SYSTEMPATH\View\View.php(227): CodeIgniter\View\View->{closure:CodeIgniter\View\View::render():221}()
 4 SYSTEMPATH\Common.php(1173): CodeIgniter\View\View->render()
 5 APPPATH\Views\pages\pipeline\index.php(6): view()
 6 SYSTEMPATH\View\View.php(224): include('D:\\xampp\\htdocs\\salesrun\\app\\Views\\pages\\pipeline\\index.php')
 7 SYSTEMPATH\View\View.php(227): CodeIgniter\View\View->{closure:CodeIgniter\View\View::render():221}()
 8 SYSTEMPATH\Common.php(1173): CodeIgniter\View\View->render()
 9 APPPATH\Controllers\Pipeline.php(24): view()
10 SYSTEMPATH\CodeIgniter.php(933): App\Controllers\Pipeline->index()
11 SYSTEMPATH\CodeIgniter.php(507): CodeIgniter\CodeIgniter->runController()
12 SYSTEMPATH\CodeIgniter.php(354): CodeIgniter\CodeIgniter->handleRequest()
13 SYSTEMPATH\Boot.php(334): CodeIgniter\CodeIgniter->run()
14 SYSTEMPATH\Boot.php(67): CodeIgniter\Boot::runCodeIgniter()
15 FCPATH\index.php(56): CodeIgniter\Boot::bootWeb()
16 SYSTEMPATH\rewrite.php(44): require_once('D:\\xampp\\htdocs\\salesrun\\public\\index.php')
CRITICAL - 2025-03-05 07:01:31 --> ErrorException: Array to string conversion
[Method: GET, Route: pipeline]
in APPPATH\Views\pages\pipeline\index.php on line 6.
 1 APPPATH\Views\pages\pipeline\index.php(6): CodeIgniter\Debug\Exceptions->errorHandler()
 2 SYSTEMPATH\View\View.php(224): include('D:\\xampp\\htdocs\\salesrun\\app\\Views\\pages\\pipeline\\index.php')
 3 SYSTEMPATH\View\View.php(227): CodeIgniter\View\View->{closure:CodeIgniter\View\View::render():221}()
 4 SYSTEMPATH\Common.php(1173): CodeIgniter\View\View->render()
 5 APPPATH\Controllers\Pipeline.php(24): view()
 6 SYSTEMPATH\CodeIgniter.php(933): App\Controllers\Pipeline->index()
 7 SYSTEMPATH\CodeIgniter.php(507): CodeIgniter\CodeIgniter->runController()
 8 SYSTEMPATH\CodeIgniter.php(354): CodeIgniter\CodeIgniter->handleRequest()
 9 SYSTEMPATH\Boot.php(334): CodeIgniter\CodeIgniter->run()
10 SYSTEMPATH\Boot.php(67): CodeIgniter\Boot::runCodeIgniter()
11 FCPATH\index.php(56): CodeIgniter\Boot::bootWeb()
12 SYSTEMPATH\rewrite.php(44): require_once('D:\\xampp\\htdocs\\salesrun\\public\\index.php')
CRITICAL - 2025-03-05 07:02:36 --> ErrorException: Array to string conversion
[Method: GET, Route: pipeline]
in APPPATH\Views\pages\pipeline\index.php on line 6.
 1 APPPATH\Views\pages\pipeline\index.php(6): CodeIgniter\Debug\Exceptions->errorHandler()
 2 SYSTEMPATH\View\View.php(224): include('D:\\xampp\\htdocs\\salesrun\\app\\Views\\pages\\pipeline\\index.php')
 3 SYSTEMPATH\View\View.php(227): CodeIgniter\View\View->{closure:CodeIgniter\View\View::render():221}()
 4 SYSTEMPATH\Common.php(1173): CodeIgniter\View\View->render()
 5 APPPATH\Controllers\Pipeline.php(24): view()
 6 SYSTEMPATH\CodeIgniter.php(933): App\Controllers\Pipeline->index()
 7 SYSTEMPATH\CodeIgniter.php(507): CodeIgniter\CodeIgniter->runController()
 8 SYSTEMPATH\CodeIgniter.php(354): CodeIgniter\CodeIgniter->handleRequest()
 9 SYSTEMPATH\Boot.php(334): CodeIgniter\CodeIgniter->run()
10 SYSTEMPATH\Boot.php(67): CodeIgniter\Boot::runCodeIgniter()
11 FCPATH\index.php(56): CodeIgniter\Boot::bootWeb()
12 SYSTEMPATH\rewrite.php(44): require_once('D:\\xampp\\htdocs\\salesrun\\public\\index.php')
CRITICAL - 2025-03-05 07:02:37 --> ErrorException: Array to string conversion
[Method: GET, Route: pipeline]
in APPPATH\Views\pages\pipeline\index.php on line 6.
 1 APPPATH\Views\pages\pipeline\index.php(6): CodeIgniter\Debug\Exceptions->errorHandler()
 2 SYSTEMPATH\View\View.php(224): include('D:\\xampp\\htdocs\\salesrun\\app\\Views\\pages\\pipeline\\index.php')
 3 SYSTEMPATH\View\View.php(227): CodeIgniter\View\View->{closure:CodeIgniter\View\View::render():221}()
 4 SYSTEMPATH\Common.php(1173): CodeIgniter\View\View->render()
 5 APPPATH\Controllers\Pipeline.php(24): view()
 6 SYSTEMPATH\CodeIgniter.php(933): App\Controllers\Pipeline->index()
 7 SYSTEMPATH\CodeIgniter.php(507): CodeIgniter\CodeIgniter->runController()
 8 SYSTEMPATH\CodeIgniter.php(354): CodeIgniter\CodeIgniter->handleRequest()
 9 SYSTEMPATH\Boot.php(334): CodeIgniter\CodeIgniter->run()
10 SYSTEMPATH\Boot.php(67): CodeIgniter\Boot::runCodeIgniter()
11 FCPATH\index.php(56): CodeIgniter\Boot::bootWeb()
12 SYSTEMPATH\rewrite.php(44): require_once('D:\\xampp\\htdocs\\salesrun\\public\\index.php')
CRITICAL - 2025-03-05 07:02:38 --> ErrorException: Array to string conversion
[Method: GET, Route: pipeline]
in APPPATH\Views\pages\pipeline\index.php on line 6.
 1 APPPATH\Views\pages\pipeline\index.php(6): CodeIgniter\Debug\Exceptions->errorHandler()
 2 SYSTEMPATH\View\View.php(224): include('D:\\xampp\\htdocs\\salesrun\\app\\Views\\pages\\pipeline\\index.php')
 3 SYSTEMPATH\View\View.php(227): CodeIgniter\View\View->{closure:CodeIgniter\View\View::render():221}()
 4 SYSTEMPATH\Common.php(1173): CodeIgniter\View\View->render()
 5 APPPATH\Controllers\Pipeline.php(24): view()
 6 SYSTEMPATH\CodeIgniter.php(933): App\Controllers\Pipeline->index()
 7 SYSTEMPATH\CodeIgniter.php(507): CodeIgniter\CodeIgniter->runController()
 8 SYSTEMPATH\CodeIgniter.php(354): CodeIgniter\CodeIgniter->handleRequest()
 9 SYSTEMPATH\Boot.php(334): CodeIgniter\CodeIgniter->run()
10 SYSTEMPATH\Boot.php(67): CodeIgniter\Boot::runCodeIgniter()
11 FCPATH\index.php(56): CodeIgniter\Boot::bootWeb()
12 SYSTEMPATH\rewrite.php(44): require_once('D:\\xampp\\htdocs\\salesrun\\public\\index.php')
CRITICAL - 2025-03-05 08:19:29 --> CodeIgniter\View\Exceptions\ViewException: Invalid file: "pages/pipelines/create.php"
[Method: GET, Route: pipeline]
in SYSTEMPATH\Exceptions\FrameworkException.php on line 39.
 1 SYSTEMPATH\View\View.php(212): CodeIgniter\Exceptions\FrameworkException::forInvalidFile()
 2 SYSTEMPATH\Common.php(1173): CodeIgniter\View\View->render()
 3 APPPATH\Views\pages\pipeline\index.php(12): view()
 4 SYSTEMPATH\View\View.php(224): include('D:\\xampp\\htdocs\\salesrun\\app\\Views\\pages\\pipeline\\index.php')
 5 SYSTEMPATH\View\View.php(227): CodeIgniter\View\View->{closure:CodeIgniter\View\View::render():221}()
 6 SYSTEMPATH\Common.php(1173): CodeIgniter\View\View->render()
 7 APPPATH\Controllers\Pipeline.php(30): view()
 8 SYSTEMPATH\CodeIgniter.php(933): App\Controllers\Pipeline->index()
 9 SYSTEMPATH\CodeIgniter.php(507): CodeIgniter\CodeIgniter->runController()
10 SYSTEMPATH\CodeIgniter.php(354): CodeIgniter\CodeIgniter->handleRequest()
11 SYSTEMPATH\Boot.php(334): CodeIgniter\CodeIgniter->run()
12 SYSTEMPATH\Boot.php(67): CodeIgniter\Boot::runCodeIgniter()
13 FCPATH\index.php(56): CodeIgniter\Boot::bootWeb()
14 SYSTEMPATH\rewrite.php(44): require_once('D:\\xampp\\htdocs\\salesrun\\public\\index.php')
CRITICAL - 2025-03-05 08:49:37 --> Error: Call to undefined function base_path()
[Method: GET, Route: pipeline]
in APPPATH\Views\pages\pipeline\index.php on line 25.
 1 SYSTEMPATH\View\View.php(224): include()
 2 SYSTEMPATH\View\View.php(227): CodeIgniter\View\View->{closure:CodeIgniter\View\View::render():221}()
 3 SYSTEMPATH\Common.php(1173): CodeIgniter\View\View->render()
 4 APPPATH\Controllers\Pipeline.php(30): view()
 5 SYSTEMPATH\CodeIgniter.php(933): App\Controllers\Pipeline->index()
 6 SYSTEMPATH\CodeIgniter.php(507): CodeIgniter\CodeIgniter->runController()
 7 SYSTEMPATH\CodeIgniter.php(354): CodeIgniter\CodeIgniter->handleRequest()
 8 SYSTEMPATH\Boot.php(334): CodeIgniter\CodeIgniter->run()
 9 SYSTEMPATH\Boot.php(67): CodeIgniter\Boot::runCodeIgniter()
10 FCPATH\index.php(56): CodeIgniter\Boot::bootWeb()
11 SYSTEMPATH\rewrite.php(44): require_once('D:\\xampp\\htdocs\\salesrun\\public\\index.php')
