ERROR - 2025-03-08 11:44:31 --> Error connecting to the database: mysqli_sql_exception: No connection could be made because the target machine actively refused it in D:\xampp\htdocs\salesrun\system\Database\MySQLi\Connection.php:201
Stack trace:
#0 D:\xampp\htdocs\salesrun\system\Database\MySQLi\Connection.php(201): mysqli->real_connect()
#1 D:\xampp\htdocs\salesrun\system\Database\BaseConnection.php(421): CodeIgniter\Database\MySQLi\Connection->connect()
#2 D:\xampp\htdocs\salesrun\system\Database\BaseConnection.php(620): CodeIgniter\Database\BaseConnection->initialize()
#3 D:\xampp\htdocs\salesrun\system\Database\BaseBuilder.php(1649): CodeIgniter\Database\BaseConnection->query()
#4 D:\xampp\htdocs\salesrun\vendor\codeigniter4\settings\src\Handlers\DatabaseHandler.php(186): CodeIgniter\Database\BaseBuilder->get()
#5 D:\xampp\htdocs\salesrun\vendor\codeigniter4\settings\src\Handlers\DatabaseHandler.php(51): CodeIgniter\Settings\Handlers\DatabaseHandler->hydrate()
#6 D:\xampp\htdocs\salesrun\vendor\codeigniter4\settings\src\Settings.php(59): CodeIgniter\Settings\Handlers\DatabaseHandler->has()
#7 D:\xampp\htdocs\salesrun\vendor\codeigniter4\settings\src\Helpers\setting_helper.php(25): CodeIgniter\Settings\Settings->get()
#8 D:\xampp\htdocs\salesrun\vendor\codeigniter4\shield\src\Authentication\Authenticators\Session.php(685): setting()
#9 D:\xampp\htdocs\salesrun\vendor\codeigniter4\shield\src\Authentication\Authenticators\Session.php(703): CodeIgniter\Shield\Authentication\Authenticators\Session->getSessionUserInfo()
#10 D:\xampp\htdocs\salesrun\vendor\codeigniter4\shield\src\Authentication\Authenticators\Session.php(390): CodeIgniter\Shield\Authentication\Authenticators\Session->getSessionUserKey()
#11 D:\xampp\htdocs\salesrun\vendor\codeigniter4\shield\src\Authentication\Authenticators\Session.php(374): CodeIgniter\Shield\Authentication\Authenticators\Session->checkUserState()
#12 D:\xampp\htdocs\salesrun\vendor\codeigniter4\shield\src\Auth.php(191): CodeIgniter\Shield\Authentication\Authenticators\Session->loggedIn()
#13 D:\xampp\htdocs\salesrun\vendor\codeigniter4\shield\src\Collectors\Auth.php(76): CodeIgniter\Shield\Auth->__call()
#14 D:\xampp\htdocs\salesrun\system\Debug\Toolbar\Collectors\BaseCollector.php(228): CodeIgniter\Shield\Collectors\Auth->display()
#15 D:\xampp\htdocs\salesrun\system\Debug\Toolbar.php(95): CodeIgniter\Debug\Toolbar\Collectors\BaseCollector->getAsArray()
#16 D:\xampp\htdocs\salesrun\system\Debug\Toolbar.php(390): CodeIgniter\Debug\Toolbar->run()
#17 D:\xampp\htdocs\salesrun\system\Filters\DebugToolbar.php(44): CodeIgniter\Debug\Toolbar->prepare()
#18 D:\xampp\htdocs\salesrun\system\Filters\Filters.php(278): CodeIgniter\Filters\DebugToolbar->after()
#19 D:\xampp\htdocs\salesrun\system\Filters\Filters.php(364): CodeIgniter\Filters\Filters->runAfter()
#20 D:\xampp\htdocs\salesrun\system\CodeIgniter.php(407): CodeIgniter\Filters\Filters->runRequired()
#21 D:\xampp\htdocs\salesrun\system\CodeIgniter.php(368): CodeIgniter\CodeIgniter->runRequiredAfterFilters()
#22 D:\xampp\htdocs\salesrun\system\Boot.php(334): CodeIgniter\CodeIgniter->run()
#23 D:\xampp\htdocs\salesrun\system\Boot.php(67): CodeIgniter\Boot::runCodeIgniter()
#24 D:\xampp\htdocs\salesrun\public\index.php(56): CodeIgniter\Boot::bootWeb()
#25 D:\xampp\htdocs\salesrun\system\rewrite.php(44): require_once('...')
#26 {main}

Next CodeIgniter\Database\Exceptions\DatabaseException: No connection could be made because the target machine actively refused it in D:\xampp\htdocs\salesrun\system\Database\MySQLi\Connection.php:246
Stack trace:
#0 D:\xampp\htdocs\salesrun\system\Database\BaseConnection.php(421): CodeIgniter\Database\MySQLi\Connection->connect()
#1 D:\xampp\htdocs\salesrun\system\Database\BaseConnection.php(620): CodeIgniter\Database\BaseConnection->initialize()
#2 D:\xampp\htdocs\salesrun\system\Database\BaseBuilder.php(1649): CodeIgniter\Database\BaseConnection->query()
#3 D:\xampp\htdocs\salesrun\vendor\codeigniter4\settings\src\Handlers\DatabaseHandler.php(186): CodeIgniter\Database\BaseBuilder->get()
#4 D:\xampp\htdocs\salesrun\vendor\codeigniter4\settings\src\Handlers\DatabaseHandler.php(51): CodeIgniter\Settings\Handlers\DatabaseHandler->hydrate()
#5 D:\xampp\htdocs\salesrun\vendor\codeigniter4\settings\src\Settings.php(59): CodeIgniter\Settings\Handlers\DatabaseHandler->has()
#6 D:\xampp\htdocs\salesrun\vendor\codeigniter4\settings\src\Helpers\setting_helper.php(25): CodeIgniter\Settings\Settings->get()
#7 D:\xampp\htdocs\salesrun\vendor\codeigniter4\shield\src\Authentication\Authenticators\Session.php(685): setting()
#8 D:\xampp\htdocs\salesrun\vendor\codeigniter4\shield\src\Authentication\Authenticators\Session.php(703): CodeIgniter\Shield\Authentication\Authenticators\Session->getSessionUserInfo()
#9 D:\xampp\htdocs\salesrun\vendor\codeigniter4\shield\src\Authentication\Authenticators\Session.php(390): CodeIgniter\Shield\Authentication\Authenticators\Session->getSessionUserKey()
#10 D:\xampp\htdocs\salesrun\vendor\codeigniter4\shield\src\Authentication\Authenticators\Session.php(374): CodeIgniter\Shield\Authentication\Authenticators\Session->checkUserState()
#11 D:\xampp\htdocs\salesrun\vendor\codeigniter4\shield\src\Auth.php(191): CodeIgniter\Shield\Authentication\Authenticators\Session->loggedIn()
#12 D:\xampp\htdocs\salesrun\vendor\codeigniter4\shield\src\Collectors\Auth.php(76): CodeIgniter\Shield\Auth->__call()
#13 D:\xampp\htdocs\salesrun\system\Debug\Toolbar\Collectors\BaseCollector.php(228): CodeIgniter\Shield\Collectors\Auth->display()
#14 D:\xampp\htdocs\salesrun\system\Debug\Toolbar.php(95): CodeIgniter\Debug\Toolbar\Collectors\BaseCollector->getAsArray()
#15 D:\xampp\htdocs\salesrun\system\Debug\Toolbar.php(390): CodeIgniter\Debug\Toolbar->run()
#16 D:\xampp\htdocs\salesrun\system\Filters\DebugToolbar.php(44): CodeIgniter\Debug\Toolbar->prepare()
#17 D:\xampp\htdocs\salesrun\system\Filters\Filters.php(278): CodeIgniter\Filters\DebugToolbar->after()
#18 D:\xampp\htdocs\salesrun\system\Filters\Filters.php(364): CodeIgniter\Filters\Filters->runAfter()
#19 D:\xampp\htdocs\salesrun\system\CodeIgniter.php(407): CodeIgniter\Filters\Filters->runRequired()
#20 D:\xampp\htdocs\salesrun\system\CodeIgniter.php(368): CodeIgniter\CodeIgniter->runRequiredAfterFilters()
#21 D:\xampp\htdocs\salesrun\system\Boot.php(334): CodeIgniter\CodeIgniter->run()
#22 D:\xampp\htdocs\salesrun\system\Boot.php(67): CodeIgniter\Boot::runCodeIgniter()
#23 D:\xampp\htdocs\salesrun\public\index.php(56): CodeIgniter\Boot::bootWeb()
#24 D:\xampp\htdocs\salesrun\system\rewrite.php(44): require_once('...')
#25 {main}
CRITICAL - 2025-03-08 11:44:31 --> CodeIgniter\Database\Exceptions\DatabaseException: Unable to connect to the database.
Main connection [MySQLi]: No connection could be made because the target machine actively refused it
[Method: GET, Route: /]
in SYSTEMPATH\Database\BaseConnection.php on line 467.
 1 SYSTEMPATH\Database\BaseConnection.php(620): CodeIgniter\Database\BaseConnection->initialize()
 2 SYSTEMPATH\Database\BaseBuilder.php(1649): CodeIgniter\Database\BaseConnection->query()
 3 VENDORPATH\codeigniter4\settings\src\Handlers\DatabaseHandler.php(186): CodeIgniter\Database\BaseBuilder->get()
 4 VENDORPATH\codeigniter4\settings\src\Handlers\DatabaseHandler.php(51): CodeIgniter\Settings\Handlers\DatabaseHandler->hydrate()
 5 VENDORPATH\codeigniter4\settings\src\Settings.php(59): CodeIgniter\Settings\Handlers\DatabaseHandler->has()
 6 VENDORPATH\codeigniter4\settings\src\Helpers\setting_helper.php(25): CodeIgniter\Settings\Settings->get()
 7 VENDORPATH\codeigniter4\shield\src\Authentication\Authenticators\Session.php(685): setting()
 8 VENDORPATH\codeigniter4\shield\src\Authentication\Authenticators\Session.php(703): CodeIgniter\Shield\Authentication\Authenticators\Session->getSessionUserInfo()
 9 VENDORPATH\codeigniter4\shield\src\Authentication\Authenticators\Session.php(390): CodeIgniter\Shield\Authentication\Authenticators\Session->getSessionUserKey()
10 VENDORPATH\codeigniter4\shield\src\Authentication\Authenticators\Session.php(374): CodeIgniter\Shield\Authentication\Authenticators\Session->checkUserState()
11 VENDORPATH\codeigniter4\shield\src\Auth.php(191): CodeIgniter\Shield\Authentication\Authenticators\Session->loggedIn()
12 VENDORPATH\codeigniter4\shield\src\Collectors\Auth.php(76): CodeIgniter\Shield\Auth->__call()
13 SYSTEMPATH\Debug\Toolbar\Collectors\BaseCollector.php(228): CodeIgniter\Shield\Collectors\Auth->display()
14 SYSTEMPATH\Debug\Toolbar.php(95): CodeIgniter\Debug\Toolbar\Collectors\BaseCollector->getAsArray()
15 SYSTEMPATH\Debug\Toolbar.php(390): CodeIgniter\Debug\Toolbar->run()
16 SYSTEMPATH\Filters\DebugToolbar.php(44): CodeIgniter\Debug\Toolbar->prepare()
17 SYSTEMPATH\Filters\Filters.php(278): CodeIgniter\Filters\DebugToolbar->after()
18 SYSTEMPATH\Filters\Filters.php(364): CodeIgniter\Filters\Filters->runAfter()
19 SYSTEMPATH\CodeIgniter.php(407): CodeIgniter\Filters\Filters->runRequired()
20 SYSTEMPATH\CodeIgniter.php(368): CodeIgniter\CodeIgniter->runRequiredAfterFilters()
21 SYSTEMPATH\Boot.php(334): CodeIgniter\CodeIgniter->run()
22 SYSTEMPATH\Boot.php(67): CodeIgniter\Boot::runCodeIgniter()
23 FCPATH\index.php(56): CodeIgniter\Boot::bootWeb()
24 SYSTEMPATH\rewrite.php(44): require_once('D:\\xampp\\htdocs\\salesrun\\public\\index.php')
DEBUG - 2025-03-08 11:55:29 --> Session: Class initialized using 'CodeIgniter\Session\Handlers\FileHandler' driver.
DEBUG - 2025-03-08 11:55:34 --> Session: Class initialized using 'CodeIgniter\Session\Handlers\FileHandler' driver.
DEBUG - 2025-03-08 11:55:44 --> Session: Class initialized using 'CodeIgniter\Session\Handlers\FileHandler' driver.
DEBUG - 2025-03-08 11:55:45 --> Session: Class initialized using 'CodeIgniter\Session\Handlers\FileHandler' driver.
DEBUG - 2025-03-08 11:55:47 --> Session: Class initialized using 'CodeIgniter\Session\Handlers\FileHandler' driver.
DEBUG - 2025-03-08 11:59:26 --> Session: Class initialized using 'CodeIgniter\Session\Handlers\FileHandler' driver.
DEBUG - 2025-03-08 11:59:27 --> Session: Class initialized using 'CodeIgniter\Session\Handlers\FileHandler' driver.
DEBUG - 2025-03-08 12:45:30 --> Session: Class initialized using 'CodeIgniter\Session\Handlers\FileHandler' driver.
DEBUG - 2025-03-08 12:45:31 --> Session: Class initialized using 'CodeIgniter\Session\Handlers\FileHandler' driver.
DEBUG - 2025-03-08 12:45:37 --> Session: Class initialized using 'CodeIgniter\Session\Handlers\FileHandler' driver.
DEBUG - 2025-03-08 12:45:37 --> Session: Class initialized using 'CodeIgniter\Session\Handlers\FileHandler' driver.
DEBUG - 2025-03-08 12:45:38 --> Session: Class initialized using 'CodeIgniter\Session\Handlers\FileHandler' driver.
DEBUG - 2025-03-08 12:45:42 --> Session: Class initialized using 'CodeIgniter\Session\Handlers\FileHandler' driver.
DEBUG - 2025-03-08 12:45:43 --> Session: Class initialized using 'CodeIgniter\Session\Handlers\FileHandler' driver.
DEBUG - 2025-03-08 12:45:43 --> Session: Class initialized using 'CodeIgniter\Session\Handlers\FileHandler' driver.
DEBUG - 2025-03-08 12:45:47 --> Session: Class initialized using 'CodeIgniter\Session\Handlers\FileHandler' driver.
DEBUG - 2025-03-08 12:45:47 --> Session: Class initialized using 'CodeIgniter\Session\Handlers\FileHandler' driver.
DEBUG - 2025-03-08 12:45:47 --> Session: Class initialized using 'CodeIgniter\Session\Handlers\FileHandler' driver.
DEBUG - 2025-03-08 12:45:49 --> Session: Class initialized using 'CodeIgniter\Session\Handlers\FileHandler' driver.
DEBUG - 2025-03-08 12:45:49 --> Session: Class initialized using 'CodeIgniter\Session\Handlers\FileHandler' driver.
DEBUG - 2025-03-08 12:45:52 --> Session: Class initialized using 'CodeIgniter\Session\Handlers\FileHandler' driver.
DEBUG - 2025-03-08 12:45:52 --> Session: Class initialized using 'CodeIgniter\Session\Handlers\FileHandler' driver.
DEBUG - 2025-03-08 12:45:52 --> Session: Class initialized using 'CodeIgniter\Session\Handlers\FileHandler' driver.
DEBUG - 2025-03-08 12:49:36 --> Session: Class initialized using 'CodeIgniter\Session\Handlers\FileHandler' driver.
DEBUG - 2025-03-08 12:49:36 --> Session: Class initialized using 'CodeIgniter\Session\Handlers\FileHandler' driver.
DEBUG - 2025-03-08 12:49:37 --> Session: Class initialized using 'CodeIgniter\Session\Handlers\FileHandler' driver.
ERROR - 2025-03-08 12:49:44 --> mysqli_sql_exception: Table 'projectsdm.pipeline' doesn't exist in D:\xampp\htdocs\salesrun\system\Database\MySQLi\Connection.php:327
Stack trace:
#0 D:\xampp\htdocs\salesrun\system\Database\MySQLi\Connection.php(327): mysqli->query()
#1 D:\xampp\htdocs\salesrun\system\Database\BaseConnection.php(738): CodeIgniter\Database\MySQLi\Connection->execute()
#2 D:\xampp\htdocs\salesrun\system\Database\BaseConnection.php(652): CodeIgniter\Database\BaseConnection->simpleQuery()
#3 D:\xampp\htdocs\salesrun\system\Database\BaseBuilder.php(2345): CodeIgniter\Database\BaseConnection->query()
#4 D:\xampp\htdocs\salesrun\app\Controllers\Pipeline.php(117): CodeIgniter\Database\BaseBuilder->insert()
#5 D:\xampp\htdocs\salesrun\system\CodeIgniter.php(933): App\Controllers\Pipeline->addpipeline()
#6 D:\xampp\htdocs\salesrun\system\CodeIgniter.php(507): CodeIgniter\CodeIgniter->runController()
#7 D:\xampp\htdocs\salesrun\system\CodeIgniter.php(354): CodeIgniter\CodeIgniter->handleRequest()
#8 D:\xampp\htdocs\salesrun\system\Boot.php(334): CodeIgniter\CodeIgniter->run()
#9 D:\xampp\htdocs\salesrun\system\Boot.php(67): CodeIgniter\Boot::runCodeIgniter()
#10 D:\xampp\htdocs\salesrun\public\index.php(56): CodeIgniter\Boot::bootWeb()
#11 D:\xampp\htdocs\salesrun\system\rewrite.php(44): require_once('...')
#12 {main}
CRITICAL - 2025-03-08 12:49:44 --> CodeIgniter\Database\Exceptions\DatabaseException: Table 'projectsdm.pipeline' doesn't exist
[Method: POST, Route: pipeline/addpipeline]
in SYSTEMPATH\Database\BaseConnection.php on line 692.
 1 SYSTEMPATH\Database\BaseBuilder.php(2345): CodeIgniter\Database\BaseConnection->query()
 2 APPPATH\Controllers\Pipeline.php(117): CodeIgniter\Database\BaseBuilder->insert()
 3 SYSTEMPATH\CodeIgniter.php(933): App\Controllers\Pipeline->addpipeline()
 4 SYSTEMPATH\CodeIgniter.php(507): CodeIgniter\CodeIgniter->runController()
 5 SYSTEMPATH\CodeIgniter.php(354): CodeIgniter\CodeIgniter->handleRequest()
 6 SYSTEMPATH\Boot.php(334): CodeIgniter\CodeIgniter->run()
 7 SYSTEMPATH\Boot.php(67): CodeIgniter\Boot::runCodeIgniter()
 8 FCPATH\index.php(56): CodeIgniter\Boot::bootWeb()
 9 SYSTEMPATH\rewrite.php(44): require_once('D:\\xampp\\htdocs\\salesrun\\public\\index.php')
CRITICAL - 2025-03-08 12:49:44 --> [Caused by] CodeIgniter\Database\Exceptions\DatabaseException: Table 'projectsdm.pipeline' doesn't exist
in SYSTEMPATH\Database\MySQLi\Connection.php on line 332.
 1 SYSTEMPATH\Database\BaseConnection.php(738): CodeIgniter\Database\MySQLi\Connection->execute()
 2 SYSTEMPATH\Database\BaseConnection.php(652): CodeIgniter\Database\BaseConnection->simpleQuery()
 3 SYSTEMPATH\Database\BaseBuilder.php(2345): CodeIgniter\Database\BaseConnection->query()
 4 APPPATH\Controllers\Pipeline.php(117): CodeIgniter\Database\BaseBuilder->insert()
 5 SYSTEMPATH\CodeIgniter.php(933): App\Controllers\Pipeline->addpipeline()
 6 SYSTEMPATH\CodeIgniter.php(507): CodeIgniter\CodeIgniter->runController()
 7 SYSTEMPATH\CodeIgniter.php(354): CodeIgniter\CodeIgniter->handleRequest()
 8 SYSTEMPATH\Boot.php(334): CodeIgniter\CodeIgniter->run()
 9 SYSTEMPATH\Boot.php(67): CodeIgniter\Boot::runCodeIgniter()
10 FCPATH\index.php(56): CodeIgniter\Boot::bootWeb()
11 SYSTEMPATH\rewrite.php(44): require_once('D:\\xampp\\htdocs\\salesrun\\public\\index.php')
CRITICAL - 2025-03-08 12:49:44 --> [Caused by] mysqli_sql_exception: Table 'projectsdm.pipeline' doesn't exist
in SYSTEMPATH\Database\MySQLi\Connection.php on line 327.
 1 SYSTEMPATH\Database\MySQLi\Connection.php(327): mysqli->query()
 2 SYSTEMPATH\Database\BaseConnection.php(738): CodeIgniter\Database\MySQLi\Connection->execute()
 3 SYSTEMPATH\Database\BaseConnection.php(652): CodeIgniter\Database\BaseConnection->simpleQuery()
 4 SYSTEMPATH\Database\BaseBuilder.php(2345): CodeIgniter\Database\BaseConnection->query()
 5 APPPATH\Controllers\Pipeline.php(117): CodeIgniter\Database\BaseBuilder->insert()
 6 SYSTEMPATH\CodeIgniter.php(933): App\Controllers\Pipeline->addpipeline()
 7 SYSTEMPATH\CodeIgniter.php(507): CodeIgniter\CodeIgniter->runController()
 8 SYSTEMPATH\CodeIgniter.php(354): CodeIgniter\CodeIgniter->handleRequest()
 9 SYSTEMPATH\Boot.php(334): CodeIgniter\CodeIgniter->run()
10 SYSTEMPATH\Boot.php(67): CodeIgniter\Boot::runCodeIgniter()
11 FCPATH\index.php(56): CodeIgniter\Boot::bootWeb()
12 SYSTEMPATH\rewrite.php(44): require_once('D:\\xampp\\htdocs\\salesrun\\public\\index.php')
DEBUG - 2025-03-08 12:56:02 --> Session: Class initialized using 'CodeIgniter\Session\Handlers\FileHandler' driver.
DEBUG - 2025-03-08 12:56:02 --> Session: Class initialized using 'CodeIgniter\Session\Handlers\FileHandler' driver.
DEBUG - 2025-03-08 12:56:03 --> Session: Class initialized using 'CodeIgniter\Session\Handlers\FileHandler' driver.
DEBUG - 2025-03-08 12:56:03 --> Session: Class initialized using 'CodeIgniter\Session\Handlers\FileHandler' driver.
DEBUG - 2025-03-08 12:56:33 --> Session: Class initialized using 'CodeIgniter\Session\Handlers\FileHandler' driver.
DEBUG - 2025-03-08 12:56:34 --> Session: Class initialized using 'CodeIgniter\Session\Handlers\FileHandler' driver.
DEBUG - 2025-03-08 12:56:34 --> Session: Class initialized using 'CodeIgniter\Session\Handlers\FileHandler' driver.
DEBUG - 2025-03-08 12:56:34 --> Session: Class initialized using 'CodeIgniter\Session\Handlers\FileHandler' driver.
